[0m14:52:47.578731 [debug] [MainThread]: Sending event: {'category': 'dbt', 'action': 'invocation', 'label': 'start', 'context': [<snowplow_tracker.self_describing_json.SelfDescribingJson object at 0x74aac08b5940>, <snowplow_tracker.self_describing_json.SelfDescribingJson object at 0x74aac2b256a0>, <snowplow_tracker.self_describing_json.SelfDescribingJson object at 0x74aac2a20d10>]}


============================== 14:52:47.582904 | 911bbdca-59c0-450d-b91a-e7639ef5c9f9 ==============================
[0m14:52:47.582904 [info ] [MainThread]: Running with dbt=1.10.11
[0m14:52:47.583408 [debug] [MainThread]: running dbt with arguments {'send_anonymous_usage_stats': 'True', 'target_path': 'None', 'version_check': 'True', 'empty': 'None', 'partial_parse': 'True', 'fail_fast': 'False', 'use_experimental_parser': 'False', 'introspect': 'True', 'log_path': '/home/troubladore/repos/workstation-setup/layer2-dbt-projects/gold-dimensions/logs', 'no_print': 'None', 'log_cache_events': 'False', 'warn_error_options': 'WarnErrorOptionsV2(error=[], warn=[], silence=[])', 'invocation_command': 'dbt deps', 'quiet': 'False', 'write_json': 'True', 'cache_selected_only': 'False', 'printer_width': '80', 'static_parser': 'True', 'log_format': 'default', 'indirect_selection': 'eager', 'debug': 'False', 'warn_error': 'None', 'profiles_dir': '/home/troubladore/.dbt', 'use_colors': 'True'}
[0m14:52:47.690351 [debug] [MainThread]: Sending event: {'category': 'dbt', 'action': 'project_id', 'label': '911bbdca-59c0-450d-b91a-e7639ef5c9f9', 'context': [<snowplow_tracker.self_describing_json.SelfDescribingJson object at 0x74aabff96390>]}
[0m14:52:47.701521 [info ] [MainThread]: Warning: No packages were found in packages.yml
[0m14:52:47.702635 [info ] [MainThread]: Warning: No packages were found in packages.yml
[0m14:52:47.704189 [debug] [MainThread]: Resource report: {"command_name": "deps", "command_success": true, "command_wall_clock_time": 0.1852204, "process_in_blocks": "0", "process_kernel_time": 0.139438, "process_mem_max_rss": "102616", "process_out_blocks": "8", "process_user_time": 1.494602}
[0m14:52:47.704811 [debug] [MainThread]: Command `dbt deps` succeeded at 14:52:47.704698 after 0.19 seconds
[0m14:52:47.705112 [debug] [MainThread]: Sending event: {'category': 'dbt', 'action': 'invocation', 'label': 'end', 'context': [<snowplow_tracker.self_describing_json.SelfDescribingJson object at 0x74aac05e1fa0>, <snowplow_tracker.self_describing_json.SelfDescribingJson object at 0x74aabff49700>, <snowplow_tracker.self_describing_json.SelfDescribingJson object at 0x74aac08ed4c0>]}
[0m14:52:47.705439 [debug] [MainThread]: Flushing usage events
[0m14:52:47.865581 [debug] [MainThread]: An error was encountered while trying to flush usage events
[0m14:53:45.262788 [debug] [MainThread]: Sending event: {'category': 'dbt', 'action': 'invocation', 'label': 'start', 'context': [<snowplow_tracker.self_describing_json.SelfDescribingJson object at 0x78c467c51340>, <snowplow_tracker.self_describing_json.SelfDescribingJson object at 0x78c46797ac30>, <snowplow_tracker.self_describing_json.SelfDescribingJson object at 0x78c467371e20>]}


============================== 14:53:45.266165 | 4a3977ba-2926-40ec-8d4b-0b9eb4a34b31 ==============================
[0m14:53:45.266165 [info ] [MainThread]: Running with dbt=1.10.11
[0m14:53:45.266687 [debug] [MainThread]: running dbt with arguments {'printer_width': '80', 'fail_fast': 'False', 'log_path': '/home/troubladore/repos/workstation-setup/layer2-dbt-projects/gold-dimensions/logs', 'introspect': 'True', 'invocation_command': 'dbt deps', 'log_format': 'default', 'write_json': 'True', 'target_path': 'None', 'indirect_selection': 'eager', 'log_cache_events': 'False', 'warn_error_options': 'WarnErrorOptionsV2(error=[], warn=[], silence=[])', 'warn_error': 'None', 'quiet': 'False', 'no_print': 'None', 'version_check': 'True', 'partial_parse': 'True', 'static_parser': 'True', 'use_colors': 'True', 'debug': 'False', 'profiles_dir': '/home/troubladore/.dbt', 'cache_selected_only': 'False', 'use_experimental_parser': 'False', 'empty': 'None', 'send_anonymous_usage_stats': 'True'}
[0m14:53:45.369143 [debug] [MainThread]: Sending event: {'category': 'dbt', 'action': 'project_id', 'label': '4a3977ba-2926-40ec-8d4b-0b9eb4a34b31', 'context': [<snowplow_tracker.self_describing_json.SelfDescribingJson object at 0x78c467341790>]}
[0m14:53:45.379862 [info ] [MainThread]: Warning: No packages were found in packages.yml
[0m14:53:45.381003 [info ] [MainThread]: Warning: No packages were found in packages.yml
[0m14:53:45.382159 [debug] [MainThread]: Resource report: {"command_name": "deps", "command_success": true, "command_wall_clock_time": 0.17772289, "process_in_blocks": "0", "process_kernel_time": 0.120825, "process_mem_max_rss": "102564", "process_out_blocks": "16", "process_user_time": 1.44157}
[0m14:53:45.382919 [debug] [MainThread]: Command `dbt deps` succeeded at 14:53:45.382762 after 0.18 seconds
[0m14:53:45.383255 [debug] [MainThread]: Sending event: {'category': 'dbt', 'action': 'invocation', 'label': 'end', 'context': [<snowplow_tracker.self_describing_json.SelfDescribingJson object at 0x78c467c1d3a0>, <snowplow_tracker.self_describing_json.SelfDescribingJson object at 0x78c46722b890>, <snowplow_tracker.self_describing_json.SelfDescribingJson object at 0x78c469baa660>]}
[0m14:53:45.383566 [debug] [MainThread]: Flushing usage events
[0m14:53:45.558191 [debug] [MainThread]: An error was encountered while trying to flush usage events
